Using pre-set license
Built from '2020.3/staging' branch; Version is '2020.3.19f1 (68f137dc9bbe) revision 6877495'; Using compiler version '192528614'; Build Type 'Release'
OS: 'Windows 10 Pro; OS build 19043.1415; Version 2009; 64bit' Language: 'fr' Physical Memory: 32495 MB
BatchMode: 1, IsHumanControllingUs: 0, StartBugReporterOnCrash: 0, Is64bit: 1, IsPro: 0

COMMAND LINE ARGUMENTS:
C:\Program Files\Unity\Hub\Editor\2020.3.19f1\Editor\Unity.exe
-adb2
-batchMode
-noUpm
-name
AssetImportWorker0
-projectPath
C:/Users/GAME2/Desktop/Projets Unity/ProjetBabote
-logFile
Logs/AssetImportWorker0.log
-srvPort
56724
Successfully changed project path to: C:/Users/GAME2/Desktop/Projets Unity/ProjetBabote
C:/Users/GAME2/Desktop/Projets Unity/ProjetBabote
Using Asset Import Pipeline V2.
Refreshing native plugins compatible for Editor in 100.72 ms, found 2 plugins.
Preloading 0 native plugins for Editor in 0.00 ms.
Initialize engine version: 2020.3.19f1 (68f137dc9bbe)
[Subsystems] Discovering subsystems at path C:/Program Files/Unity/Hub/Editor/2020.3.19f1/Editor/Data/Resources/UnitySubsystems
[Subsystems] Discovering subsystems at path C:/Users/GAME2/Desktop/Projets Unity/ProjetBabote/Assets
GfxDevice: creating device client; threaded=0
Direct3D:
    Version:  Direct3D 11.0 [level 11.1]
    Renderer: NVIDIA Quadro RTX 4000 (ID=0x1eb1)
    Vendor:   
    VRAM:     8018 MB
    Driver:   30.0.14.7212
Initialize mono
Mono path[0] = 'C:/Program Files/Unity/Hub/Editor/2020.3.19f1/Editor/Data/Managed'
Mono path[1] = 'C:/Program Files/Unity/Hub/Editor/2020.3.19f1/Editor/Data/MonoBleedingEdge/lib/mono/unityjit'
Mono config path = 'C:/Program Files/Unity/Hub/Editor/2020.3.19f1/Editor/Data/MonoBleedingEdge/etc'
Using monoOptions --debugger-agent=transport=dt_socket,embedding=1,server=y,suspend=n,address=127.0.0.1:56648
Begin MonoManager ReloadAssembly
Registering precompiled unity dll's ...
Register platform support module: C:/Program Files/Unity/Hub/Editor/2020.3.19f1/Editor/Data/PlaybackEngines/WindowsStandaloneSupport/UnityEditor.WindowsStandalone.Extensions.dll
Registered in 0.000971 seconds.
Native extension for WindowsStandalone target not found
Refreshing native plugins compatible for Editor in 116.18 ms, found 2 plugins.
Preloading 0 native plugins for Editor in 0.00 ms.
Mono: successfully reloaded assembly
- Completed reload, in  1.941 seconds
Domain Reload Profiling:
	ReloadAssembly (1941ms)
		BeginReloadAssembly (55ms)
			ExecutionOrderSort (0ms)
			DisableScriptedObjects (0ms)
			BackupInstance (0ms)
			ReleaseScriptingObjects (0ms)
			CreateAndSetChildDomain (1ms)
		EndReloadAssembly (728ms)
			LoadAssemblies (54ms)
			RebuildTransferFunctionScriptingTraits (0ms)
			SetupTypeCache (300ms)
			ReleaseScriptCaches (0ms)
			RebuildScriptCaches (58ms)
			SetupLoadedEditorAssemblies (282ms)
				LogAssemblyErrors (0ms)
				InitializePlatformSupportModulesInManaged (4ms)
				SetLoadedEditorAssemblies (0ms)
				RefreshPlugins (116ms)
				BeforeProcessingInitializeOnLoad (25ms)
				ProcessInitializeOnLoadAttributes (105ms)
				ProcessInitializeOnLoadMethodAttributes (31ms)
				AfterProcessingInitializeOnLoad (0ms)
				EditorAssembliesLoaded (1ms)
			ExecutionOrderSort2 (0ms)
			AwakeInstancesAfterBackupRestoration (0ms)
Platform modules already initialized, skipping
Registering precompiled user dll's ...
Registered in 0.002033 seconds.
Begin MonoManager ReloadAssembly
Native extension for WindowsStandalone target not found
Refreshing native plugins compatible for Editor in 91.51 ms, found 2 plugins.
Preloading 0 native plugins for Editor in 0.00 ms.
Mono: successfully reloaded assembly
- Completed reload, in  1.925 seconds
Domain Reload Profiling:
	ReloadAssembly (1926ms)
		BeginReloadAssembly (198ms)
			ExecutionOrderSort (0ms)
			DisableScriptedObjects (4ms)
			BackupInstance (0ms)
			ReleaseScriptingObjects (0ms)
			CreateAndSetChildDomain (38ms)
		EndReloadAssembly (1647ms)
			LoadAssemblies (100ms)
			RebuildTransferFunctionScriptingTraits (0ms)
			SetupTypeCache (429ms)
			ReleaseScriptCaches (1ms)
			RebuildScriptCaches (95ms)
			SetupLoadedEditorAssemblies (786ms)
				LogAssemblyErrors (0ms)
				InitializePlatformSupportModulesInManaged (3ms)
				SetLoadedEditorAssemblies (0ms)
				RefreshPlugins (92ms)
				BeforeProcessingInitializeOnLoad (132ms)
				ProcessInitializeOnLoadAttributes (549ms)
				ProcessInitializeOnLoadMethodAttributes (6ms)
				AfterProcessingInitializeOnLoad (3ms)
				EditorAssembliesLoaded (0ms)
			ExecutionOrderSort2 (0ms)
			AwakeInstancesAfterBackupRestoration (7ms)
Platform modules already initialized, skipping
========================================================================
Worker process is ready to serve import requests
Launched and connected shader compiler UnityShaderCompiler.exe after 0.05 seconds
Refreshing native plugins compatible for Editor in 0.80 ms, found 2 plugins.
Preloading 0 native plugins for Editor in 0.00 ms.
Unloading 3255 Unused Serialized files (Serialized files now loaded: 0)
System memory in use before: 147.4 MB.
System memory in use after: 147.5 MB.

Unloading 133 unused Assets to reduce memory usage. Loaded Objects now: 3689.
Total: 10.493000 ms (FindLiveObjects: 0.692900 ms CreateObjectMapping: 0.435600 ms MarkObjects: 8.904200 ms  DeleteObjects: 0.457200 ms)

AssetImportParameters requested are different than current active one (requested -> active):
  custom:framework-win-MediaFoundation: 216162199b28c13a410421893ffa2e32 -> 
  custom:video-decoder-ogg-theora: a1e56fd34408186e4bbccfd4996cb3dc -> 
  custom:container-muxer-webm: aa71ff27fc2769a1b78a27578f13a17b -> 
  custom:container-demuxer-webm: 4f35f7cbe854078d1ac9338744f61a02 -> 
  custom:container-demuxer-ogg: 62fdf1f143b41e24485cea50d1cbac27 -> 
  custom:video-encoder-webm-vp8: eb34c28f22e8b96e1ab97ce403110664 -> 
  custom:video-decoder-webm-vp8: 9c59270c3fd7afecdb556c50c9e8de78 -> 
  custom:audio-decoder-ogg-vorbis: bf7c407c2cedff20999df2af8eb42d56 -> 
  custom:audio-encoder-webm-vorbis: bf7c407c2cedff20999df2af8eb42d56 -> 
========================================================================
Received Import Request.
  path: Assets/Sprites/Elements_UI/6.png
  artifactKey: Guid(5463992506a5bca4daee5364b80d2f11) Importer(815301076,1909f56bfc062723c751e8b465ee728b)
Start importing Assets/Sprites/Elements_UI/6.png using Guid(5463992506a5bca4daee5364b80d2f11) Importer(815301076,1909f56bfc062723c751e8b465ee728b)  -> (artifact id: '60e047602f60a97645dfceabf3514a32') in 0.103039 seconds 
  Import took 0.115801 seconds .

========================================================================
Received Import Request.
  Time since last request: 0.000534 seconds.
  path: Assets/Sprites/Elements_UI/4.png
  artifactKey: Guid(1f70c36c1f5b4c045a1492566e6fbfce) Importer(815301076,1909f56bfc062723c751e8b465ee728b)
Start importing Assets/Sprites/Elements_UI/4.png using Guid(1f70c36c1f5b4c045a1492566e6fbfce) Importer(815301076,1909f56bfc062723c751e8b465ee728b)  -> (artifact id: '1ebff6c8cc2ad12034902dad5e611c71') in 0.020459 seconds 
  Import took 0.032926 seconds .

========================================================================
Received Import Request.
  Time since last request: 0.000431 seconds.
  path: Assets/Sprites/Elements_UI/2.png
  artifactKey: Guid(97b25f8cbbf2ceb46bf129cf10fd9ffa) Importer(815301076,1909f56bfc062723c751e8b465ee728b)
Start importing Assets/Sprites/Elements_UI/2.png using Guid(97b25f8cbbf2ceb46bf129cf10fd9ffa) Importer(815301076,1909f56bfc062723c751e8b465ee728b)  -> (artifact id: 'e6eded22ab65ce294f7e4bb6ad4e1c39') in 0.019893 seconds 
  Import took 0.029139 seconds .

========================================================================
Received Import Request.
  Time since last request: 0.000231 seconds.
  path: Assets/Sprites/Elements_UI/5.png
  artifactKey: Guid(a88ee3d229276db4fbe2d7e46e36e1ba) Importer(815301076,1909f56bfc062723c751e8b465ee728b)
Start importing Assets/Sprites/Elements_UI/5.png using Guid(a88ee3d229276db4fbe2d7e46e36e1ba) Importer(815301076,1909f56bfc062723c751e8b465ee728b)  -> (artifact id: 'f4b2d8d6b3c1825a8e145e4a2269e846') in 0.016406 seconds 
  Import took 0.022026 seconds .

========================================================================
Received Import Request.
  Time since last request: 0.000257 seconds.
  path: Assets/Sprites/Elements_UI/0.png
  artifactKey: Guid(8f5fd462809efdc4088861e7bd0e6923) Importer(815301076,1909f56bfc062723c751e8b465ee728b)
Start importing Assets/Sprites/Elements_UI/0.png using Guid(8f5fd462809efdc4088861e7bd0e6923) Importer(815301076,1909f56bfc062723c751e8b465ee728b)  -> (artifact id: '1fa47bde6971bd658576e324fca10ad7') in 0.013868 seconds 
  Import took 0.019583 seconds .

========================================================================
Received Import Request.
  Time since last request: 0.000230 seconds.
  path: Assets/Sprites/Elements_UI/8.png
  artifactKey: Guid(59602d6ba0c830c4eaf65e57282db168) Importer(815301076,1909f56bfc062723c751e8b465ee728b)
Start importing Assets/Sprites/Elements_UI/8.png using Guid(59602d6ba0c830c4eaf65e57282db168) Importer(815301076,1909f56bfc062723c751e8b465ee728b)  -> (artifact id: '4df7dae8e58d5f31f2a984601edc83bf') in 0.012657 seconds 
  Import took 0.020122 seconds .

========================================================================
Received Import Request.
  Time since last request: 0.000229 seconds.
  path: Assets/Sprites/Elements_UI/3.png
  artifactKey: Guid(90ab51eb07deebe48859c0c5b9f08f0a) Importer(815301076,1909f56bfc062723c751e8b465ee728b)
Start importing Assets/Sprites/Elements_UI/3.png using Guid(90ab51eb07deebe48859c0c5b9f08f0a) Importer(815301076,1909f56bfc062723c751e8b465ee728b)  -> (artifact id: '367b56d563b32037127159a462378b9e') in 0.013472 seconds 
  Import took 0.019010 seconds .

========================================================================
Received Import Request.
  Time since last request: 0.000230 seconds.
  path: Assets/Sprites/Elements_UI/7.png
  artifactKey: Guid(9fa889a35cda93446a8a8fbf3857abee) Importer(815301076,1909f56bfc062723c751e8b465ee728b)
Start importing Assets/Sprites/Elements_UI/7.png using Guid(9fa889a35cda93446a8a8fbf3857abee) Importer(815301076,1909f56bfc062723c751e8b465ee728b)  -> (artifact id: '9ffdc24a3e7d12c18089be76f257db4c') in 0.014453 seconds 
  Import took 0.023905 seconds .

========================================================================
Received Import Request.
  Time since last request: 0.000346 seconds.
  path: Assets/Sprites/Elements_UI/1.png
  artifactKey: Guid(a490cf6711185324e9a59b498fdca32f) Importer(815301076,1909f56bfc062723c751e8b465ee728b)
Start importing Assets/Sprites/Elements_UI/1.png using Guid(a490cf6711185324e9a59b498fdca32f) Importer(815301076,1909f56bfc062723c751e8b465ee728b)  -> (artifact id: 'b5b703171d8aabd72f4ccdae0c3646ab') in 0.010523 seconds 
  Import took 0.015855 seconds .

========================================================================
Received Import Request.
  Time since last request: 7.305299 seconds.
  path: Assets/Sprites/Elements_UI/0.png
  artifactKey: Guid(8f5fd462809efdc4088861e7bd0e6923) Importer(815301076,1909f56bfc062723c751e8b465ee728b)
Start importing Assets/Sprites/Elements_UI/0.png using Guid(8f5fd462809efdc4088861e7bd0e6923) Importer(815301076,1909f56bfc062723c751e8b465ee728b)  -> (artifact id: 'e60b9fb81176746114778e84e072a8c6') in 0.054383 seconds 
  Import took 0.060639 seconds .

========================================================================
Received Import Request.
  Time since last request: 5.786813 seconds.
  path: Assets/Sprites/Elements_UI/1.png
  artifactKey: Guid(a490cf6711185324e9a59b498fdca32f) Importer(815301076,1909f56bfc062723c751e8b465ee728b)
Start importing Assets/Sprites/Elements_UI/1.png using Guid(a490cf6711185324e9a59b498fdca32f) Importer(815301076,1909f56bfc062723c751e8b465ee728b)  -> (artifact id: '9d7bb47d9eee4c54fea3f0d7295031a2') in 0.024328 seconds 
  Import took 0.036029 seconds .

========================================================================
Received Import Request.
  Time since last request: 4.863166 seconds.
  path: Assets/Sprites/Elements_UI/2.png
  artifactKey: Guid(97b25f8cbbf2ceb46bf129cf10fd9ffa) Importer(815301076,1909f56bfc062723c751e8b465ee728b)
Start importing Assets/Sprites/Elements_UI/2.png using Guid(97b25f8cbbf2ceb46bf129cf10fd9ffa) Importer(815301076,1909f56bfc062723c751e8b465ee728b)  -> (artifact id: 'e1c5e372878eafdc780de7a94f6795fe') in 0.025311 seconds 
  Import took 0.038380 seconds .

========================================================================
Received Import Request.
  Time since last request: 4.445149 seconds.
  path: Assets/Sprites/Elements_UI/3.png
  artifactKey: Guid(90ab51eb07deebe48859c0c5b9f08f0a) Importer(815301076,1909f56bfc062723c751e8b465ee728b)
Start importing Assets/Sprites/Elements_UI/3.png using Guid(90ab51eb07deebe48859c0c5b9f08f0a) Importer(815301076,1909f56bfc062723c751e8b465ee728b)  -> (artifact id: '353201e231289e51a851f62958d47636') in 0.020382 seconds 
  Import took 0.032315 seconds .

========================================================================
Received Import Request.
  Time since last request: 1.525273 seconds.
  path: Assets/Sprites/Elements_UI/9.png
  artifactKey: Guid(336648d3733d539438a379d3cb6aa471) Importer(815301076,1909f56bfc062723c751e8b465ee728b)
Start importing Assets/Sprites/Elements_UI/9.png using Guid(336648d3733d539438a379d3cb6aa471) Importer(815301076,1909f56bfc062723c751e8b465ee728b)  -> (artifact id: '8d448d513c10492dfb3456e11a533bc9') in 0.018649 seconds 
  Import took 0.030618 seconds .

========================================================================
Received Import Request.
  Time since last request: 3.909979 seconds.
  path: Assets/Sprites/Elements_UI/4.png
  artifactKey: Guid(1f70c36c1f5b4c045a1492566e6fbfce) Importer(815301076,1909f56bfc062723c751e8b465ee728b)
Start importing Assets/Sprites/Elements_UI/4.png using Guid(1f70c36c1f5b4c045a1492566e6fbfce) Importer(815301076,1909f56bfc062723c751e8b465ee728b)  -> (artifact id: '49c43b239ee10e88adb6c0a969db07aa') in 0.016060 seconds 
  Import took 0.023248 seconds .

========================================================================
Received Import Request.
  Time since last request: 0.955829 seconds.
  path: Assets/Sprites/Elements_UI/carnet.png
  artifactKey: Guid(581e85ffeedc48a4ba2353e39d47d105) Importer(815301076,1909f56bfc062723c751e8b465ee728b)
Start importing Assets/Sprites/Elements_UI/carnet.png using Guid(581e85ffeedc48a4ba2353e39d47d105) Importer(815301076,1909f56bfc062723c751e8b465ee728b)  -> (artifact id: 'd70038ce8579f54eb2506f7b231461f3') in 0.024869 seconds 
  Import took 0.035548 seconds .

========================================================================
Received Import Request.
  Time since last request: 3.880890 seconds.
  path: Assets/Sprites/Elements_UI/5.png
  artifactKey: Guid(a88ee3d229276db4fbe2d7e46e36e1ba) Importer(815301076,1909f56bfc062723c751e8b465ee728b)
Start importing Assets/Sprites/Elements_UI/5.png using Guid(a88ee3d229276db4fbe2d7e46e36e1ba) Importer(815301076,1909f56bfc062723c751e8b465ee728b)  -> (artifact id: 'ef184dfb6ee8780854adaa766ecf1d66') in 0.024273 seconds 
  Import took 0.036245 seconds .

========================================================================
Received Import Request.
  Time since last request: 3.727558 seconds.
  path: Assets/Sprites/Elements_UI/6.png
  artifactKey: Guid(5463992506a5bca4daee5364b80d2f11) Importer(815301076,1909f56bfc062723c751e8b465ee728b)
Start importing Assets/Sprites/Elements_UI/6.png using Guid(5463992506a5bca4daee5364b80d2f11) Importer(815301076,1909f56bfc062723c751e8b465ee728b)  -> (artifact id: 'b610e030cf1532517323bfa000f8ef8a') in 0.022056 seconds 
  Import took 0.031330 seconds .

========================================================================
Received Import Request.
  Time since last request: 5.339150 seconds.
  path: Assets/Sprites/Elements_UI/7.png
  artifactKey: Guid(9fa889a35cda93446a8a8fbf3857abee) Importer(815301076,1909f56bfc062723c751e8b465ee728b)
Start importing Assets/Sprites/Elements_UI/7.png using Guid(9fa889a35cda93446a8a8fbf3857abee) Importer(815301076,1909f56bfc062723c751e8b465ee728b)  -> (artifact id: 'a21e73dd0fa52b89f93208e62d01a957') in 0.028165 seconds 
  Import took 0.040813 seconds .

========================================================================
Received Import Request.
  Time since last request: 0.836273 seconds.
  path: Assets/Sprites/Elements_UI/carnet_open.png
  artifactKey: Guid(af471e5a9b271d24982835db8781608e) Importer(815301076,1909f56bfc062723c751e8b465ee728b)
Start importing Assets/Sprites/Elements_UI/carnet_open.png using Guid(af471e5a9b271d24982835db8781608e) Importer(815301076,1909f56bfc062723c751e8b465ee728b)  -> (artifact id: '0dcbaff6992caa071c4ee7fe9371c843') in 0.031078 seconds 
  Import took 0.045224 seconds .

========================================================================
Received Import Request.
  Time since last request: 4.170839 seconds.
  path: Assets/Sprites/Elements_UI/8.png
  artifactKey: Guid(59602d6ba0c830c4eaf65e57282db168) Importer(815301076,1909f56bfc062723c751e8b465ee728b)
Start importing Assets/Sprites/Elements_UI/8.png using Guid(59602d6ba0c830c4eaf65e57282db168) Importer(815301076,1909f56bfc062723c751e8b465ee728b)  -> (artifact id: 'e0dd42f15eb16abaa65d764820444f34') in 0.022255 seconds 
  Import took 0.035151 seconds .

========================================================================
Received Import Request.
  Time since last request: 3.846256 seconds.
  path: Assets/Sprites/Elements_UI/9.png
  artifactKey: Guid(336648d3733d539438a379d3cb6aa471) Importer(815301076,1909f56bfc062723c751e8b465ee728b)
Start importing Assets/Sprites/Elements_UI/9.png using Guid(336648d3733d539438a379d3cb6aa471) Importer(815301076,1909f56bfc062723c751e8b465ee728b)  -> (artifact id: '78902ca0d222efd68f2fb2c8e0122848') in 0.021598 seconds 
  Import took 0.029514 seconds .

========================================================================
Received Import Request.
  Time since last request: 1.117378 seconds.
  path: Assets/Sprites/Elements_UI/menu_jouer.png
  artifactKey: Guid(07d7d48d012bbb944a159ca464d0c586) Importer(815301076,1909f56bfc062723c751e8b465ee728b)
Start importing Assets/Sprites/Elements_UI/menu_jouer.png using Guid(07d7d48d012bbb944a159ca464d0c586) Importer(815301076,1909f56bfc062723c751e8b465ee728b)  -> (artifact id: '0bbea10bdc7ba014a33fc157724540ff') in 0.018611 seconds 
  Import took 0.025733 seconds .

========================================================================
Received Import Request.
  Time since last request: 0.308943 seconds.
  path: Assets/Sprites/Elements_UI/pause.png
  artifactKey: Guid(8274df5986c25654f80b4e6ca9a36396) Importer(815301076,1909f56bfc062723c751e8b465ee728b)
Start importing Assets/Sprites/Elements_UI/pause.png using Guid(8274df5986c25654f80b4e6ca9a36396) Importer(815301076,1909f56bfc062723c751e8b465ee728b)  -> (artifact id: '9c7b95a5ebb17b945001f8e19e3c4688') in 0.029716 seconds 
  Import took 0.042861 seconds .

========================================================================
Received Import Request.
  Time since last request: 0.352367 seconds.
  path: Assets/Sprites/Elements_UI/play.png
  artifactKey: Guid(d072c5db89ec9934fa61be567f7f696c) Importer(815301076,1909f56bfc062723c751e8b465ee728b)
Start importing Assets/Sprites/Elements_UI/play.png using Guid(d072c5db89ec9934fa61be567f7f696c) Importer(815301076,1909f56bfc062723c751e8b465ee728b)  -> (artifact id: 'ffc1a8673710e90f6ab295cc32462fc4') in 0.033342 seconds 
  Import took 0.050748 seconds .

========================================================================
Received Import Request.
  Time since last request: 1.689872 seconds.
  path: Assets/Sprites/Elements_UI/zoom_in.png
  artifactKey: Guid(46df19d6faf281042aba102ac56bf047) Importer(815301076,1909f56bfc062723c751e8b465ee728b)
Start importing Assets/Sprites/Elements_UI/zoom_in.png using Guid(46df19d6faf281042aba102ac56bf047) Importer(815301076,1909f56bfc062723c751e8b465ee728b)  -> (artifact id: '8d931ba6f18f38825547c45c3ddb1ecd') in 0.033082 seconds 
  Import took 0.046924 seconds .

========================================================================
Received Import Request.
  Time since last request: 0.364606 seconds.
  path: Assets/Sprites/Elements_UI/zoom_out.png
  artifactKey: Guid(3e5ee3300eaa4af4281e1860d6db9c4e) Importer(815301076,1909f56bfc062723c751e8b465ee728b)
Start importing Assets/Sprites/Elements_UI/zoom_out.png using Guid(3e5ee3300eaa4af4281e1860d6db9c4e) Importer(815301076,1909f56bfc062723c751e8b465ee728b)  -> (artifact id: 'd460f297415df55b2c44c4bed2c263cb') in 0.024799 seconds 
  Import took 0.034000 seconds .

AssetImportWorkerClient::OnTransportError - code=2 error=End of file
